<?xml version="1.0" encoding="UTF-8"?>
<!-- Generated by org.testng.reporters.JUnitXMLReporter -->
<testsuite hostname="MATRIX" name="CategoriaTest" tests="2" failures="0" timestamp="27 Feb 2017 00:52:08 GMT" time="26.543" errors="0">
  <testcase name="insertarCategoria_FlujoBasico" time="9.941" classname="pe.com.core.test.CategoriaWebDriverTest"/>
  <testcase name="insertarCategoria_FlujoAlternativo" time="9.255" classname="pe.com.core.test.CategoriaWebDriverTest"/>
</testsuite> <!-- CategoriaTest -->
