<?xml version="1.0" encoding="UTF-8"?>
<testsuite xmlns:xsi="http://www.w3.org/2001/XMLSchema-instance" xsi:schemaLocation="https://maven.apache.org/surefire/maven-surefire-plugin/xsd/surefire-test-report.xsd" name="TestSuite" time="112.093" tests="6" errors="0" skipped="0" failures="1">
  <properties>
[...]
</properties>
  <testcase name="insertarCategoria" classname="pe.com.test.seleniumwd.CategoriaWebDriverTest" time="18.188">
    <failure type="java.lang.AssertionError:">java.lang.AssertionError: null
	at pe.com.test.seleniumwd.CategoriaWebDriverTest.insertarCategoria(CategoriaWebDriverTest.java:65)
</failure>
    <system-out><![CDATA[Ejecución Remota: NO
Fuente de Datos : BD
]]></system-out>
    <system-err><![CDATA[1540734533740	geckodriver	INFO	Listening on 127.0.0.1:38221
1540734534863	geckodriver::marionette	INFO	Starting browser \\?\C:\Program Files\Mozilla Firefox\firefox.exe with args ["-marionette"]
1540734536950	addons.manager	ERROR	startup failed: [Exception... "Component returned failure code: 0x80070057 (NS_ERROR_ILLEGAL_VALUE) [nsIFile.create]"  nsresult: "0x80070057 (NS_ERROR_ILLEGAL_VALUE)"  location: "JS frame :: resource://gre/modules/FileUtils.jsm :: FileUtils_getDir :: line 70"  data: no] Stack trace: FileUtils_getDir()@resource://gre/modules/FileUtils.jsm:70 < FileUtils_getFile()@resource://gre/modules/FileUtils.jsm:42 < validateBlocklist()@resource://gre/modules/AddonManager.jsm:671 < startup()@resource://gre/modules/AddonManager.jsm:834 < startup()@resource://gre/modules/AddonManager.jsm:3129 < observe()@resource://gre/components/addonManager.js:65
JavaScript error: resource://gre/modules/AddonManager.jsm, line 1657: NS_ERROR_NOT_INITIALIZED: AddonManager is not initialized
1540734542492	Marionette	INFO	Listening on port 50208
JavaScript error: resource://gre/modules/AddonManager.jsm, line 2570: NS_ERROR_NOT_INITIALIZED: AddonManager is not initialized
oct 28, 2018 8:49:03 AM org.openqa.selenium.remote.ProtocolHandshake createSession
INFORMACIÓN: Detected dialect: W3C
]]></system-err>
  </testcase>
  <testcase name="insertarCategoria" classname="pe.com.test.seleniumwd.CategoriaWebDriverTest" time="15.382"/>
  <testcase name="insertarCategoria" classname="pe.com.test.seleniumwd.CategoriaWebDriverTest" time="14.929"/>
  <testcase name="insertarCategoria" classname="pe.com.test.seleniumwd.CategoriaWebDriverTest" time="15.522"/>
  <testcase name="insertarCategoria" classname="pe.com.test.seleniumwd.CategoriaWebDriverTest" time="16.411"/>
  <testcase name="insertarCategoria" classname="pe.com.test.seleniumwd.CategoriaWebDriverTest" time="15.429"/>
</testsuite>