<?xml version="1.0" encoding="UTF-8"?>
<!-- Generated by org.testng.reporters.JUnitXMLReporter -->
<testsuite hostname="MASTER" name="CategoriaWebDriverTestChrome" tests="3" failures="0" timestamp="10 May 2017 07:50:15 GMT" time="50.071" errors="0">
  <testcase name="insertarCategoria" time="17.197" classname="pe.com.test.seleniumwd.CategoriaWebDriverTest"/>
  <testcase name="insertarCategoria" time="14.38" classname="pe.com.test.seleniumwd.CategoriaWebDriverTest"/>
  <testcase name="insertarCategoria" time="13.992" classname="pe.com.test.seleniumwd.CategoriaWebDriverTest"/>
</testsuite> <!-- CategoriaWebDriverTestChrome -->
