<?xml version="1.0" encoding="UTF-8"?>
<!-- Generated by org.testng.reporters.JUnitXMLReporter -->
<testsuite hostname="masterqa" name="CategoriaWebDriverTestFirefox" tests="3" failures="0" timestamp="11 May 2017 05:21:16 GMT" time="46.779" errors="0">
  <testcase name="insertarCategoria" time="13.675" classname="pe.com.test.seleniumwd.CategoriaWebDriverTest"/>
  <testcase name="insertarCategoria" time="13.161" classname="pe.com.test.seleniumwd.CategoriaWebDriverTest"/>
  <testcase name="insertarCategoria" time="13.267" classname="pe.com.test.seleniumwd.CategoriaWebDriverTest"/>
</testsuite> <!-- CategoriaWebDriverTestFirefox -->
