<?xml version="1.0" encoding="UTF-8"?>
<!-- Generated by org.testng.reporters.JUnitXMLReporter -->
<testsuite hostname="masterqa" name="ProductoWebDriverTest" tests="2" failures="0" timestamp="14 Nov 2018 14:18:17 GMT" time="54.361" errors="0">
  <testcase name="insertarProducto_FlujoBasico" time="24.419" classname="pe.com.test.seleniumwd.ProductoWebDriverTest"/>
  <testcase name="insertarProducto_FlujoAlternativo" time="18.252" classname="pe.com.test.seleniumwd.ProductoWebDriverTest"/>
</testsuite> <!-- ProductoWebDriverTest -->
